[0.086s] DEBUG:colcon:Command line arguments: ['/usr/bin/colcon', 'build', '--packages-select', 'position_estimator']
[0.086s] DEBUG:colcon:Parsed command line arguments: Namespace(log_base=None, log_level=None, verb_name='build', build_base='build', install_base='install', merge_install=False, symlink_install=False, test_result_base=None, continue_on_error=False, executor='parallel', parallel_workers=6, event_handlers=None, ignore_user_meta=False, metas=['./colcon.meta'], base_paths=['.'], packages_ignore=None, packages_ignore_regex=None, paths=None, packages_up_to=None, packages_up_to_regex=None, packages_above=None, packages_above_and_dependencies=None, packages_above_depth=None, packages_select_by_dep=None, packages_skip_by_dep=None, packages_skip_up_to=None, packages_select_build_failed=False, packages_skip_build_finished=False, packages_select_test_failures=False, packages_skip_test_passed=False, packages_select=['position_estimator'], packages_skip=None, packages_select_regex=None, packages_skip_regex=None, packages_start=None, packages_end=None, allow_overriding=[], cmake_args=None, cmake_target=None, cmake_target_skip_unavailable=False, cmake_clean_cache=False, cmake_clean_first=False, cmake_force_configure=False, ament_cmake_args=None, catkin_cmake_args=None, catkin_skip_building_tests=False, mixin_files=None, mixin=None, verb_parser=<colcon_mixin.mixin.mixin_argument.MixinArgumentDecorator object at 0x71afa2a51b70>, verb_extension=<colcon_core.verb.build.BuildVerb object at 0x71afa2b62aa0>, main=<bound method BuildVerb.main of <colcon_core.verb.build.BuildVerb object at 0x71afa2b62aa0>>, mixin_verb=('build',))
[0.220s] Level 1:colcon.colcon_core.package_discovery:discover_packages(colcon_meta) check parameters
[0.220s] Level 1:colcon.colcon_core.package_discovery:discover_packages(recursive) check parameters
[0.220s] Level 1:colcon.colcon_core.package_discovery:discover_packages(ignore) check parameters
[0.220s] Level 1:colcon.colcon_core.package_discovery:discover_packages(path) check parameters
[0.220s] Level 1:colcon.colcon_core.package_discovery:discover_packages(colcon_meta) discover
[0.220s] Level 1:colcon.colcon_core.package_discovery:discover_packages(recursive) discover
[0.220s] INFO:colcon.colcon_core.package_discovery:Crawling recursively for packages in '/home/eojin/ros2_ws/src/position_estimator'
[0.220s] Level 1:colcon.colcon_core.package_identification:_identify(.) by extensions ['ignore', 'ignore_ament_install']
[0.220s] Level 1:colcon.colcon_core.package_identification:_identify(.) by extension 'ignore'
[0.220s] Level 1:colcon.colcon_core.package_identification:_identify(.) by extension 'ignore_ament_install'
[0.221s] Level 1:colcon.colcon_core.package_identification:_identify(.) by extensions ['colcon_pkg']
[0.221s] Level 1:colcon.colcon_core.package_identification:_identify(.) by extension 'colcon_pkg'
[0.221s] Level 1:colcon.colcon_core.package_identification:_identify(.) by extensions ['colcon_meta']
[0.221s] Level 1:colcon.colcon_core.package_identification:_identify(.) by extension 'colcon_meta'
[0.221s] Level 1:colcon.colcon_core.package_identification:_identify(.) by extensions ['ros']
[0.221s] Level 1:colcon.colcon_core.package_identification:_identify(.) by extension 'ros'
[0.231s] DEBUG:colcon.colcon_core.package_identification:Package '.' with type 'ros.ament_python' and name 'position_estimator'
[0.231s] Level 1:colcon.colcon_core.package_discovery:discover_packages(recursive) using defaults
[0.231s] Level 1:colcon.colcon_core.package_discovery:discover_packages(ignore) discover
[0.231s] Level 1:colcon.colcon_core.package_discovery:discover_packages(ignore) using defaults
[0.231s] Level 1:colcon.colcon_core.package_discovery:discover_packages(path) discover
[0.231s] Level 1:colcon.colcon_core.package_discovery:discover_packages(path) using defaults
[0.252s] Level 1:colcon.colcon_core.package_discovery:discover_packages(prefix_path) check parameters
[0.252s] Level 1:colcon.colcon_core.package_discovery:discover_packages(prefix_path) discover
[0.254s] DEBUG:colcon.colcon_installed_package_information.package_discovery:Found 1 installed packages in /home/eojin/ros2_ws/install
[0.255s] DEBUG:colcon.colcon_installed_package_information.package_discovery:Found 319 installed packages in /opt/ros/humble
[0.256s] Level 1:colcon.colcon_core.package_discovery:discover_packages(prefix_path) using defaults
[0.289s] Level 5:colcon.colcon_core.verb:set package 'position_estimator' build argument 'cmake_args' from command line to 'None'
[0.289s] Level 5:colcon.colcon_core.verb:set package 'position_estimator' build argument 'cmake_target' from command line to 'None'
[0.289s] Level 5:colcon.colcon_core.verb:set package 'position_estimator' build argument 'cmake_target_skip_unavailable' from command line to 'False'
[0.289s] Level 5:colcon.colcon_core.verb:set package 'position_estimator' build argument 'cmake_clean_cache' from command line to 'False'
[0.289s] Level 5:colcon.colcon_core.verb:set package 'position_estimator' build argument 'cmake_clean_first' from command line to 'False'
[0.289s] Level 5:colcon.colcon_core.verb:set package 'position_estimator' build argument 'cmake_force_configure' from command line to 'False'
[0.289s] Level 5:colcon.colcon_core.verb:set package 'position_estimator' build argument 'ament_cmake_args' from command line to 'None'
[0.289s] Level 5:colcon.colcon_core.verb:set package 'position_estimator' build argument 'catkin_cmake_args' from command line to 'None'
[0.289s] Level 5:colcon.colcon_core.verb:set package 'position_estimator' build argument 'catkin_skip_building_tests' from command line to 'False'
[0.289s] DEBUG:colcon.colcon_core.verb:Building package 'position_estimator' with the following arguments: {'ament_cmake_args': None, 'build_base': '/home/eojin/ros2_ws/src/position_estimator/build/position_estimator', 'catkin_cmake_args': None, 'catkin_skip_building_tests': False, 'cmake_args': None, 'cmake_clean_cache': False, 'cmake_clean_first': False, 'cmake_force_configure': False, 'cmake_target': None, 'cmake_target_skip_unavailable': False, 'install_base': '/home/eojin/ros2_ws/src/position_estimator/install/position_estimator', 'merge_install': False, 'path': '/home/eojin/ros2_ws/src/position_estimator', 'symlink_install': False, 'test_result_base': None}
[0.289s] INFO:colcon.colcon_core.executor:Executing jobs using 'parallel' executor
[0.290s] DEBUG:colcon.colcon_parallel_executor.executor.parallel:run_until_complete
[0.290s] INFO:colcon.colcon_ros.task.ament_python.build:Building ROS package in '/home/eojin/ros2_ws/src/position_estimator' with build type 'ament_python'
[0.290s] Level 1:colcon.colcon_core.shell:create_environment_hook('position_estimator', 'ament_prefix_path')
[0.291s] INFO:colcon.colcon_core.plugin_system:Skipping extension 'colcon_core.shell.bat': Not used on non-Windows systems
[0.292s] INFO:colcon.colcon_core.shell:Creating environment hook '/home/eojin/ros2_ws/src/position_estimator/install/position_estimator/share/position_estimator/hook/ament_prefix_path.ps1'
[0.292s] INFO:colcon.colcon_core.shell:Creating environment descriptor '/home/eojin/ros2_ws/src/position_estimator/install/position_estimator/share/position_estimator/hook/ament_prefix_path.dsv'
[0.292s] INFO:colcon.colcon_core.shell:Creating environment hook '/home/eojin/ros2_ws/src/position_estimator/install/position_estimator/share/position_estimator/hook/ament_prefix_path.sh'
[0.293s] INFO:colcon.colcon_core.shell:Skip shell extension 'powershell' for command environment: Not usable outside of PowerShell
[0.293s] DEBUG:colcon.colcon_core.shell:Skip shell extension 'dsv' for command environment
[0.492s] INFO:colcon.colcon_core.task.python.build:Building Python package in '/home/eojin/ros2_ws/src/position_estimator'
[0.492s] INFO:colcon.colcon_core.shell:Skip shell extension 'powershell' for command environment: Not usable outside of PowerShell
[0.492s] DEBUG:colcon.colcon_core.shell:Skip shell extension 'dsv' for command environment
[0.782s] DEBUG:colcon.colcon_core.event_handler.log_command:Invoking command in '/home/eojin/ros2_ws/src/position_estimator': PYTHONPATH=/home/eojin/ros2_ws/src/position_estimator/build/position_estimator/prefix_override:/usr/lib/python3/dist-packages/colcon_core/task/python/colcon_distutils_commands:/home/eojin/ros2_ws/src/position_estimator/install/position_estimator/lib/python3.10/site-packages:${PYTHONPATH} /usr/bin/python3 -W ignore:setup.py install is deprecated -W ignore:easy_install command is deprecated setup.py egg_info --egg-base build/position_estimator build --build-base /home/eojin/ros2_ws/src/position_estimator/build/position_estimator/build install --record /home/eojin/ros2_ws/src/position_estimator/build/position_estimator/install.log --single-version-externally-managed install_data
[1.010s] DEBUG:colcon.colcon_core.event_handler.log_command:Invoked command in '/home/eojin/ros2_ws/src/position_estimator' returned '0': PYTHONPATH=/home/eojin/ros2_ws/src/position_estimator/build/position_estimator/prefix_override:/usr/lib/python3/dist-packages/colcon_core/task/python/colcon_distutils_commands:/home/eojin/ros2_ws/src/position_estimator/install/position_estimator/lib/python3.10/site-packages:${PYTHONPATH} /usr/bin/python3 -W ignore:setup.py install is deprecated -W ignore:easy_install command is deprecated setup.py egg_info --egg-base build/position_estimator build --build-base /home/eojin/ros2_ws/src/position_estimator/build/position_estimator/build install --record /home/eojin/ros2_ws/src/position_estimator/build/position_estimator/install.log --single-version-externally-managed install_data
[1.011s] Level 1:colcon.colcon_core.environment:checking '/home/eojin/ros2_ws/src/position_estimator/install/position_estimator' for CMake module files
[1.012s] Level 1:colcon.colcon_core.environment:checking '/home/eojin/ros2_ws/src/position_estimator/install/position_estimator' for CMake config files
[1.012s] Level 1:colcon.colcon_core.environment:checking '/home/eojin/ros2_ws/src/position_estimator/install/position_estimator/lib'
[1.012s] Level 1:colcon.colcon_core.environment:checking '/home/eojin/ros2_ws/src/position_estimator/install/position_estimator/bin'
[1.012s] Level 1:colcon.colcon_core.shell:create_environment_hook('position_estimator', 'path')
[1.012s] INFO:colcon.colcon_core.shell:Creating environment hook '/home/eojin/ros2_ws/src/position_estimator/install/position_estimator/share/position_estimator/hook/path.ps1'
[1.013s] INFO:colcon.colcon_core.shell:Creating environment descriptor '/home/eojin/ros2_ws/src/position_estimator/install/position_estimator/share/position_estimator/hook/path.dsv'
[1.013s] INFO:colcon.colcon_core.shell:Creating environment hook '/home/eojin/ros2_ws/src/position_estimator/install/position_estimator/share/position_estimator/hook/path.sh'
[1.013s] Level 1:colcon.colcon_core.environment:checking '/home/eojin/ros2_ws/src/position_estimator/install/position_estimator/lib/pkgconfig/position_estimator.pc'
[1.013s] Level 1:colcon.colcon_core.environment:checking '/home/eojin/ros2_ws/src/position_estimator/install/position_estimator/lib/python3.10/site-packages'
[1.013s] Level 1:colcon.colcon_core.shell:create_environment_hook('position_estimator', 'pythonpath')
[1.014s] INFO:colcon.colcon_core.shell:Creating environment hook '/home/eojin/ros2_ws/src/position_estimator/install/position_estimator/share/position_estimator/hook/pythonpath.ps1'
[1.014s] INFO:colcon.colcon_core.shell:Creating environment descriptor '/home/eojin/ros2_ws/src/position_estimator/install/position_estimator/share/position_estimator/hook/pythonpath.dsv'
[1.014s] INFO:colcon.colcon_core.shell:Creating environment hook '/home/eojin/ros2_ws/src/position_estimator/install/position_estimator/share/position_estimator/hook/pythonpath.sh'
[1.014s] Level 1:colcon.colcon_core.environment:checking '/home/eojin/ros2_ws/src/position_estimator/install/position_estimator/bin'
[1.014s] Level 1:colcon.colcon_core.shell:create_environment_hook('position_estimator', 'pythonscriptspath')
[1.015s] INFO:colcon.colcon_core.shell:Creating environment hook '/home/eojin/ros2_ws/src/position_estimator/install/position_estimator/share/position_estimator/hook/pythonscriptspath.ps1'
[1.015s] INFO:colcon.colcon_core.shell:Creating environment descriptor '/home/eojin/ros2_ws/src/position_estimator/install/position_estimator/share/position_estimator/hook/pythonscriptspath.dsv'
[1.015s] INFO:colcon.colcon_core.shell:Creating environment hook '/home/eojin/ros2_ws/src/position_estimator/install/position_estimator/share/position_estimator/hook/pythonscriptspath.sh'
[1.015s] Level 1:colcon.colcon_core.environment:create_environment_scripts_only(position_estimator)
[1.016s] INFO:colcon.colcon_core.shell:Creating package script '/home/eojin/ros2_ws/src/position_estimator/install/position_estimator/share/position_estimator/package.ps1'
[1.016s] INFO:colcon.colcon_core.shell:Creating package descriptor '/home/eojin/ros2_ws/src/position_estimator/install/position_estimator/share/position_estimator/package.dsv'
[1.017s] INFO:colcon.colcon_core.shell:Creating package script '/home/eojin/ros2_ws/src/position_estimator/install/position_estimator/share/position_estimator/package.sh'
[1.017s] INFO:colcon.colcon_core.shell:Creating package script '/home/eojin/ros2_ws/src/position_estimator/install/position_estimator/share/position_estimator/package.bash'
[1.018s] INFO:colcon.colcon_core.shell:Creating package script '/home/eojin/ros2_ws/src/position_estimator/install/position_estimator/share/position_estimator/package.zsh'
[1.018s] Level 1:colcon.colcon_core.environment:create_file_with_runtime_dependencies(/home/eojin/ros2_ws/src/position_estimator/install/position_estimator/share/colcon-core/packages/position_estimator)
[1.018s] DEBUG:colcon.colcon_parallel_executor.executor.parallel:closing loop
[1.019s] DEBUG:colcon.colcon_parallel_executor.executor.parallel:loop closed
[1.019s] DEBUG:colcon.colcon_parallel_executor.executor.parallel:run_until_complete finished with '0'
[1.019s] DEBUG:colcon.colcon_core.event_reactor:joining thread
[1.023s] INFO:colcon.colcon_core.plugin_system:Skipping extension 'colcon_notification.desktop_notification.terminal_notifier': Not used on non-Darwin systems
[1.023s] INFO:colcon.colcon_core.plugin_system:Skipping extension 'colcon_notification.desktop_notification.win32': Not used on non-Windows systems
[1.023s] INFO:colcon.colcon_notification.desktop_notification:Sending desktop notification using 'notify2'
[1.030s] DEBUG:colcon.colcon_core.event_reactor:joined thread
[1.030s] INFO:colcon.colcon_core.shell:Creating prefix script '/home/eojin/ros2_ws/src/position_estimator/install/local_setup.ps1'
[1.031s] INFO:colcon.colcon_core.shell:Creating prefix util module '/home/eojin/ros2_ws/src/position_estimator/install/_local_setup_util_ps1.py'
[1.032s] INFO:colcon.colcon_core.shell:Creating prefix chain script '/home/eojin/ros2_ws/src/position_estimator/install/setup.ps1'
[1.033s] INFO:colcon.colcon_core.shell:Creating prefix script '/home/eojin/ros2_ws/src/position_estimator/install/local_setup.sh'
[1.033s] INFO:colcon.colcon_core.shell:Creating prefix util module '/home/eojin/ros2_ws/src/position_estimator/install/_local_setup_util_sh.py'
[1.034s] INFO:colcon.colcon_core.shell:Creating prefix chain script '/home/eojin/ros2_ws/src/position_estimator/install/setup.sh'
[1.034s] INFO:colcon.colcon_core.shell:Creating prefix script '/home/eojin/ros2_ws/src/position_estimator/install/local_setup.bash'
[1.035s] INFO:colcon.colcon_core.shell:Creating prefix chain script '/home/eojin/ros2_ws/src/position_estimator/install/setup.bash'
[1.035s] INFO:colcon.colcon_core.shell:Creating prefix script '/home/eojin/ros2_ws/src/position_estimator/install/local_setup.zsh'
[1.036s] INFO:colcon.colcon_core.shell:Creating prefix chain script '/home/eojin/ros2_ws/src/position_estimator/install/setup.zsh'
